<?xml version="1.0" encoding="UTF-8"?>
<!-- Generated by org.testng.reporters.JUnitXMLReporter -->
<testsuite hostname="DESKTOP-CIG5KTI" ignored="0" name="Command line test" tests="3" failures="0" timestamp="18 Feb 2019 02:23:19 GMT" time="25.117" errors="0">
  <testcase name="verifyContactsLabelTest" time="0.029" classname="com.crm.qa.testcases.ContactsPageTest"/>
  <testcase name="verifyHomePageTitleTest" time="0.007" classname="com.crm.qa.testcases.HomePageTest"/>
  <testcase name="loginPageTitleTest" time="0.005" classname="com.crm.qa.testcases.LoginPageTest"/>
</testsuite> <!-- Command line test -->
