<?xml version="1.0" encoding="UTF-8"?>
<!-- Generated by org.testng.reporters.JUnitXMLReporter -->
<testsuite ignored="0" hostname="DESKTOP-CIG5KTI" failures="0" tests="7" name="FreeCRMLoginPageTests" time="78.747" errors="0" timestamp="01 Feb 2019 01:55:14 GMT">
  <testcase classname="com.crm.qa.testcases.LoginPageTest" name="loginPageTitleTest" time="0.074"/>
  <testcase classname="com.crm.qa.testcases.HomePageTest" name="verifyHomePageTitleTest" time="0.017"/>
  <testcase classname="com.crm.qa.testcases.ContactsPageTest" name="verifyContactsLabelTest" time="0.041"/>
  <testcase classname="com.crm.qa.testcases.LoginPageTest" name="crmLogoImageTest" time="0.099"/>
  <testcase classname="com.crm.qa.testcases.HomePageTest" name="verifyValidUserNameTest" time="0.104"/>
  <testcase classname="com.crm.qa.testcases.LoginPageTest" name="LoginToCRMTest" time="4.756"/>
  <testcase classname="com.crm.qa.testcases.HomePageTest" name="verifyContactLinkTest" time="1.113"/>
</testsuite> <!-- FreeCRMLoginPageTests -->
