<?xml version="1.0" encoding="UTF-8"?>
<!-- Generated by org.testng.reporters.JUnitXMLReporter -->
<testsuite ignored="0" hostname="DESKTOP-CIG5KTI" failures="0" tests="3" name="FreeCRMHomePageTests" time="35.245" errors="0" timestamp="25 Jan 2019 01:09:05 GMT">
  <testcase classname="com.crm.qa.testcases.HomePageTest" name="verifyHomePageTitleTest" time="0.015"/>
  <testcase classname="com.crm.qa.testcases.HomePageTest" name="verifyValidUserNameTest" time="0.122"/>
  <testcase classname="com.crm.qa.testcases.HomePageTest" name="verifyContactLinkTest" time="1.129"/>
</testsuite> <!-- FreeCRMHomePageTests -->
