<?xml version="1.0" encoding="UTF-8"?>
<!-- Generated by org.testng.reporters.JUnitXMLReporter -->
<testsuite hostname="DESKTOP-CIG5KTI" ignored="0" name="FreeCRMApplicationTests" tests="12" failures="0" timestamp="18 Feb 2019 04:53:21 GMT" time="149.375" errors="0">
  <testcase name="loginPageTitleTest" time="0.065" classname="com.crm.qa.testcases.LoginPageTest"/>
  <testcase name="verifyHomePageTitleTest" time="0.014" classname="com.crm.qa.testcases.HomePageTest"/>
  <testcase name="verifyContactsLabelTest" time="0.048" classname="com.crm.qa.testcases.ContactsPageTest"/>
  <testcase name="crmLogoImageTest" time="0.1" classname="com.crm.qa.testcases.LoginPageTest"/>
  <testcase name="verifyValidUserNameTest" time="0.19" classname="com.crm.qa.testcases.HomePageTest"/>
  <testcase name="selectSingleContactTest" time="0.121" classname="com.crm.qa.testcases.ContactsPageTest"/>
  <testcase name="LoginToCRMTest" time="5.026" classname="com.crm.qa.testcases.LoginPageTest"/>
  <testcase name="verifyContactLinkTest" time="1.739" classname="com.crm.qa.testcases.HomePageTest"/>
  <testcase name="selectMultipleContactTest" time="0.598" classname="com.crm.qa.testcases.ContactsPageTest"/>
  <testcase name="createNewContactsTest" time="4.605" classname="com.crm.qa.testcases.ContactsPageTest"/>
  <testcase name="createNewContactsTest" time="6.33" classname="com.crm.qa.testcases.ContactsPageTest"/>
  <testcase name="createNewContactsTest" time="4.398" classname="com.crm.qa.testcases.ContactsPageTest"/>
</testsuite> <!-- FreeCRMApplicationTests -->
