<?xml version="1.0" encoding="UTF-8"?>
<!-- Generated by org.testng.reporters.JUnitXMLReporter -->
<testsuite ignored="0" hostname="DESKTOP-CIG5KTI" failures="0" tests="7" name="FreeCRMTests" time="76.6" errors="0" timestamp="25 Jan 2019 00:57:48 GMT">
  <testcase classname="com.crm.qa.testcases.LoginPageTest" name="loginPageTitleTest" time="0.102"/>
  <testcase classname="com.crm.qa.testcases.HomePageTest" name="verifyHomePageTitleTest" time="0.014"/>
  <testcase classname="com.crm.qa.testcases.ContactsPageTest" name="verifyContactsLabelTest" time="0.041"/>
  <testcase classname="com.crm.qa.testcases.LoginPageTest" name="crmLogoImageTest" time="0.175"/>
  <testcase classname="com.crm.qa.testcases.HomePageTest" name="verifyValidUserNameTest" time="0.122"/>
  <testcase classname="com.crm.qa.testcases.LoginPageTest" name="LoginToCRMTest" time="5.179"/>
  <testcase classname="com.crm.qa.testcases.HomePageTest" name="verifyContactLinkTest" time="1.166"/>
</testsuite> <!-- FreeCRMTests -->
