<?xml version="1.0" encoding="UTF-8"?>
<testng-results skipped="0" failed="0" ignored="0" total="3" passed="3">
  <reporter-output>
  </reporter-output>
  <suite name="Command line suite" duration-ms="25117" started-at="2019-02-18T02:22:54Z" finished-at="2019-02-18T02:23:19Z">
    <groups>
    </groups>
    <test name="Command line test" duration-ms="25117" started-at="2019-02-18T02:22:54Z" finished-at="2019-02-18T02:23:19Z">
      <class name="com.crm.qa.testcases.HomePageTest">
        <test-method status="PASS" signature="setUp()[pri:0, instance:com.crm.qa.testcases.HomePageTest@4cb2c100]" name="setUp" is-config="true" duration-ms="9349" started-at="2019-02-18T02:23:05Z" finished-at="2019-02-18T02:23:15Z">
          <reporter-output>
          </reporter-output>
        </test-method> <!-- setUp -->
        <test-method status="PASS" signature="verifyHomePageTitleTest()[pri:1, instance:com.crm.qa.testcases.HomePageTest@4cb2c100]" name="verifyHomePageTitleTest" duration-ms="7" started-at="2019-02-18T02:23:15Z" finished-at="2019-02-18T02:23:15Z">
          <reporter-output>
          </reporter-output>
        </test-method> <!-- verifyHomePageTitleTest -->
        <test-method status="PASS" signature="tearDown()[pri:0, instance:com.crm.qa.testcases.HomePageTest@4cb2c100]" name="tearDown" is-config="true" duration-ms="58" started-at="2019-02-18T02:23:15Z" finished-at="2019-02-18T02:23:15Z">
          <reporter-output>
          </reporter-output>
        </test-method> <!-- tearDown -->
      </class> <!-- com.crm.qa.testcases.HomePageTest -->
      <class name="com.crm.qa.testcases.ContactsPageTest">
        <test-method status="PASS" signature="setUp()[pri:0, instance:com.crm.qa.testcases.ContactsPageTest@3f2a3a5]" name="setUp" is-config="true" duration-ms="10850" started-at="2019-02-18T02:22:54Z" finished-at="2019-02-18T02:23:05Z">
          <reporter-output>
          </reporter-output>
        </test-method> <!-- setUp -->
        <test-method status="PASS" signature="verifyContactsLabelTest()[pri:1, instance:com.crm.qa.testcases.ContactsPageTest@3f2a3a5]" name="verifyContactsLabelTest" duration-ms="29" started-at="2019-02-18T02:23:05Z" finished-at="2019-02-18T02:23:05Z">
          <reporter-output>
          </reporter-output>
        </test-method> <!-- verifyContactsLabelTest -->
        <test-method status="PASS" signature="tearDown()[pri:0, instance:com.crm.qa.testcases.ContactsPageTest@3f2a3a5]" name="tearDown" is-config="true" duration-ms="57" started-at="2019-02-18T02:23:05Z" finished-at="2019-02-18T02:23:05Z">
          <reporter-output>
          </reporter-output>
        </test-method> <!-- tearDown -->
      </class> <!-- com.crm.qa.testcases.ContactsPageTest -->
      <class name="com.crm.qa.testcases.LoginPageTest">
        <test-method status="PASS" signature="setUp()[pri:0, instance:com.crm.qa.testcases.LoginPageTest@6fb554cc]" name="setUp" is-config="true" duration-ms="4726" started-at="2019-02-18T02:23:15Z" finished-at="2019-02-18T02:23:19Z">
          <reporter-output>
          </reporter-output>
        </test-method> <!-- setUp -->
        <test-method status="PASS" signature="loginPageTitleTest()[pri:1, instance:com.crm.qa.testcases.LoginPageTest@6fb554cc]" name="loginPageTitleTest" duration-ms="5" started-at="2019-02-18T02:23:19Z" finished-at="2019-02-18T02:23:19Z">
          <reporter-output>
          </reporter-output>
        </test-method> <!-- loginPageTitleTest -->
        <test-method status="PASS" signature="tearDown()[pri:0, instance:com.crm.qa.testcases.LoginPageTest@6fb554cc]" name="tearDown" is-config="true" duration-ms="0" started-at="2019-02-18T02:23:19Z" finished-at="2019-02-18T02:23:19Z">
          <reporter-output>
          </reporter-output>
        </test-method> <!-- tearDown -->
      </class> <!-- com.crm.qa.testcases.LoginPageTest -->
    </test> <!-- Command line test -->
  </suite> <!-- Command line suite -->
</testng-results>
